2017-06-26 20:54 INFO     manager                       Test mode, creating a copy from database ...
2017-06-26 20:54 INFO     manager                       Test database created
2017-06-26 20:55 WARNING  check                         Config line 36 has odd (uneven) indentation
2017-06-26 20:55 WARNING  check                         Config line 37 is indented too much
2017-06-26 20:55 WARNING  check                         Config line 37 containing list element is indented incorrectly
2017-06-26 20:55 WARNING  check                         Config line 39 has odd (uneven) indentation
2017-06-26 20:55 WARNING  check                         Config line 40 is indented too much
2017-06-26 20:55 WARNING  check                         Config line 40 containing list element is indented incorrectly
2017-06-26 20:55 WARNING  check                         Config line 130 is likely missing ':' at the end
2017-06-26 20:55 WARNING  check                         Config line 133 is likely missing ':' at the end
2017-06-26 20:55 VERBOSE  check                         Pre-checked 136 configuration lines
2017-06-26 20:55 CRITICAL manager                       [/] The key `variables` is not valid here.
2017-06-26 20:55 CRITICAL manager                       [/templates/movie_rename/move/to] `{? folder.film ?}` does not exist
2017-06-26 20:55 CRITICAL manager                       [/templates/search_downloads/filesystem/path] `{? folder.downloads ?}` does not exist
2017-06-26 20:55 CRITICAL manager                       [/templates/series_rename/move/to] `{? folder.show ?}` does not exist
2017-06-26 20:55 CRITICAL manager                       [/tasks/imdb-lookup/exists] `{?  folder.movies  ?}` does not exist
2017-06-26 20:55 CRITICAL manager                       [/tasks/imdb-lookup/imdb_watchlist/list] list must be either watchlist, ratings, checkins, or a custom list name (lsXXXXXXXXX)
2017-06-26 20:55 CRITICAL manager                       [/tasks/imdb-lookup/imdb_watchlist/user_id] user_id must be in the form urXXXXXXX
2017-06-26 20:55 CRITICAL manager                       [/tasks/sort-movies/exists] `{? folder.movies ?}` does not exist
2017-06-26 20:55 CRITICAL manager                       [/tasks/showrss/exists_series] `{?  folder.series  ?}` does not exist
2017-06-26 20:55 CRITICAL manager                       [/tasks/showrss/rss] `{? urls.rssfeed ?}` is not valid under any of the given schemas
2017-06-26 20:55 CRITICAL manager                       [/tasks/movies-rss/quality] 2160 is not a valid quality component.
2017-06-26 20:55 CRITICAL manager                       [/tasks/sort-shows/configure_series/from/rss] `{? urls.rssfeed ?}` is not valid under any of the given schemas
2017-06-26 20:55 CRITICAL manager                       [/tasks/sort-shows/exists] `{? folder.show ?}` does not exist
2017-06-26 20:55 CRITICAL manager                       Failed to load config file: Did not pass schema validation.
2017-06-26 21:00 CRITICAL manager                       [/] The key `variables` is not valid here.
2017-06-26 21:00 CRITICAL manager                       [/templates/movie_rename/move/to] `{? folder.film ?}` does not exist
2017-06-26 21:00 CRITICAL manager                       [/templates/search_downloads/filesystem/path] `{? folder.downloads ?}` does not exist
2017-06-26 21:00 CRITICAL manager                       [/templates/series_rename/move/to] `{? folder.show ?}` does not exist
2017-06-26 21:00 CRITICAL manager                       [/tasks/imdb-lookup/exists] `{?  folder.movies  ?}` does not exist
2017-06-26 21:00 CRITICAL manager                       [/tasks/imdb-lookup/imdb_watchlist/list] list must be either watchlist, ratings, checkins, or a custom list name (lsXXXXXXXXX)
2017-06-26 21:00 CRITICAL manager                       [/tasks/imdb-lookup/imdb_watchlist/user_id] user_id must be in the form urXXXXXXX
2017-06-26 21:00 CRITICAL manager                       [/tasks/sort-movies/exists] `{? folder.movies ?}` does not exist
2017-06-26 21:00 CRITICAL manager                       [/tasks/showrss/exists_series] `{?  folder.series  ?}` does not exist
2017-06-26 21:00 CRITICAL manager                       [/tasks/showrss/rss] `{? urls.rssfeed ?}` is not valid under any of the given schemas
2017-06-26 21:00 CRITICAL manager                       [/tasks/movies-rss/quality] 2160 is not a valid quality component.
2017-06-26 21:00 CRITICAL manager                       [/tasks/sort-shows/configure_series/from/rss] `{? urls.rssfeed ?}` is not valid under any of the given schemas
2017-06-26 21:00 CRITICAL manager                       [/tasks/sort-shows/exists] `{? folder.show ?}` does not exist
2017-06-26 21:00 CRITICAL manager                       Failed to load config file: Did not pass schema validation.
2017-06-26 21:02 CRITICAL manager                       [/] The key `variables` is not valid here.
2017-06-26 21:02 CRITICAL manager                       [/templates/movie_rename/move/to] `{? folder.film ?}` does not exist
2017-06-26 21:02 CRITICAL manager                       [/templates/search_downloads/filesystem/path] `{? folder.downloads ?}` does not exist
2017-06-26 21:02 CRITICAL manager                       [/templates/series_rename/move/to] `{? folder.show ?}` does not exist
2017-06-26 21:02 CRITICAL manager                       [/tasks/imdb-lookup/exists] `{?  folder.movies  ?}` does not exist
2017-06-26 21:02 CRITICAL manager                       [/tasks/imdb-lookup/imdb_watchlist/list] list must be either watchlist, ratings, checkins, or a custom list name (lsXXXXXXXXX)
2017-06-26 21:02 CRITICAL manager                       [/tasks/imdb-lookup/imdb_watchlist/user_id] user_id must be in the form urXXXXXXX
2017-06-26 21:02 CRITICAL manager                       [/tasks/sort-movies/exists] `{? folder.movies ?}` does not exist
2017-06-26 21:02 CRITICAL manager                       [/tasks/showrss/exists_series] `{?  folder.series  ?}` does not exist
2017-06-26 21:02 CRITICAL manager                       [/tasks/showrss/rss] `{? urls.rssfeed ?}` is not valid under any of the given schemas
2017-06-26 21:02 CRITICAL manager                       [/tasks/movies-rss/quality] 2160 is not a valid quality component.
2017-06-26 21:02 CRITICAL manager                       [/tasks/sort-shows/configure_series/from/rss] `{? urls.rssfeed ?}` is not valid under any of the given schemas
2017-06-26 21:02 CRITICAL manager                       [/tasks/sort-shows/exists] `{? folder.show ?}` does not exist
2017-06-26 21:02 CRITICAL manager                       Failed to load config file: Did not pass schema validation.
